[0m19:41:49.069992 [debug] [MainThread]: Sending event: {'category': 'dbt', 'action': 'invocation', 'label': 'start', 'context': [<snowplow_tracker.self_describing_json.SelfDescribingJson object at 0x77f8624986e0>, <snowplow_tracker.self_describing_json.SelfDescribingJson object at 0x77f864150190>, <snowplow_tracker.self_describing_json.SelfDescribingJson object at 0x77f86156bc50>]}


============================== 19:41:49.210237 | 1b102b26-f8b2-4bba-b684-479474d714c0 ==============================
[0m19:41:49.210237 [info ] [MainThread]: Running with dbt=1.11.4
[0m19:41:49.212383 [debug] [MainThread]: running dbt with arguments {'use_experimental_parser': 'False', 'log_cache_events': 'False', 'static_parser': 'True', 'target_path': 'None', 'debug': 'False', 'empty': 'None', 'log_path': 'logs', 'no_print': 'None', 'introspect': 'True', 'quiet': 'False', 'fail_fast': 'False', 'use_colors': 'True', 'write_json': 'True', 'invocation_command': 'dbt init nytaxi', 'log_format': 'default', 'warn_error': 'None', 'warn_error_options': 'WarnErrorOptionsV2(error=[], warn=[], silence=[])', 'partial_parse': 'True', 'cache_selected_only': 'False', 'indirect_selection': 'eager', 'profiles_dir': '/home/carlos/.dbt', 'printer_width': '80', 'version_check': 'True', 'send_anonymous_usage_stats': 'True'}
[0m19:41:49.384573 [info ] [MainThread]: Creating dbt configuration folder at /home/carlos/.dbt
[0m19:41:49.389823 [debug] [MainThread]: Starter project path: /home/carlos/Programming/Courses/data-engineering-zoomcamp/04-analisis-de-datos/pipeline/.venv/lib/python3.13/site-packages/dbt/include/starter_project
[0m19:41:49.404193 [info ] [MainThread]: 
Your new dbt project "nytaxi" was created!

For more information on how to configure the profiles.yml file,
please consult the dbt documentation here:

  https://docs.getdbt.com/docs/configure-your-profile

One more thing:

Need help? Don't hesitate to reach out to us via GitHub issues or on Slack:

  https://community.getdbt.com/

Happy modeling!

[0m19:41:49.407681 [info ] [MainThread]: Setting up your profile.
[0m19:42:29.516662 [info ] [MainThread]: Profile nytaxi written to /home/carlos/.dbt/profiles.yml using target's sample configuration. Once updated, you'll be able to start developing with dbt.
[0m19:42:29.520096 [debug] [MainThread]: Resource report: {"command_name": "init", "command_success": true, "command_wall_clock_time": 40.708645, "process_in_blocks": "1032", "process_kernel_time": 0.82045, "process_mem_max_rss": "133584", "process_out_blocks": "1432", "process_user_time": 5.428441}
[0m19:42:29.522038 [debug] [MainThread]: Command `dbt init` succeeded at 19:42:29.521539 after 40.71 seconds
[0m19:42:29.523507 [debug] [MainThread]: Sending event: {'category': 'dbt', 'action': 'invocation', 'label': 'end', 'context': [<snowplow_tracker.self_describing_json.SelfDescribingJson object at 0x77f8614b2060>, <snowplow_tracker.self_describing_json.SelfDescribingJson object at 0x77f8614d3650>, <snowplow_tracker.self_describing_json.SelfDescribingJson object at 0x77f86161bdf0>]}
[0m19:42:29.525144 [debug] [MainThread]: Flushing usage events
[0m19:42:30.169099 [debug] [MainThread]: An error was encountered while trying to flush usage events
